c:\users\izak\documents\visual studio 2013\projects\opengltutorial\opengltutorial\release\vc120.pdb
c:\users\izak\documents\visual studio 2013\projects\opengltutorial\opengltutorial\release\varbase.obj
c:\users\izak\documents\visual studio 2013\projects\opengltutorial\opengltutorial\release\var.obj
c:\users\izak\documents\visual studio 2013\projects\opengltutorial\opengltutorial\release\texture.obj
c:\users\izak\documents\visual studio 2013\projects\opengltutorial\opengltutorial\release\textserialize.obj
c:\users\izak\documents\visual studio 2013\projects\opengltutorial\opengltutorial\release\shader.obj
c:\users\izak\documents\visual studio 2013\projects\opengltutorial\opengltutorial\release\resourcemanager.obj
c:\users\izak\documents\visual studio 2013\projects\opengltutorial\opengltutorial\release\refvar.obj
c:\users\izak\documents\visual studio 2013\projects\opengltutorial\opengltutorial\release\model.obj
c:\users\izak\documents\visual studio 2013\projects\opengltutorial\opengltutorial\release\metadata.obj
c:\users\izak\documents\visual studio 2013\projects\opengltutorial\opengltutorial\release\mesh.obj
c:\users\izak\documents\visual studio 2013\projects\opengltutorial\opengltutorial\release\main.obj
c:\users\izak\documents\visual studio 2013\projects\opengltutorial\opengltutorial\release\izengine.obj
c:\users\izak\documents\visual studio 2013\projects\opengltutorial\opengltutorial\release\input.obj
c:\users\izak\documents\visual studio 2013\projects\opengltutorial\opengltutorial\release\graphicsengine.obj
c:\users\izak\documents\visual studio 2013\projects\opengltutorial\opengltutorial\release\framebuffers.obj
c:\users\izak\documents\visual studio 2013\projects\opengltutorial\opengltutorial\release\camera.obj
c:\users\izak\documents\visual studio 2013\projects\opengltutorial\opengltutorial\release\bbemath.obj
c:\users\izak\documents\visual studio 2013\projects\opengltutorial\opengltutorial\release\gameobject.obj
c:\users\izak\documents\visual studio 2013\projects\opengltutorial\opengltutorial\release\component.obj
c:\users\izak\documents\visual studio 2013\projects\opengltutorial\opengltutorial\release\transform.obj
c:\users\izak\documents\visual studio 2013\projects\opengltutorial\opengltutorial\release\xmlserializer.obj
c:\users\izak\documents\visual studio 2013\projects\opengltutorial\opengltutorial\release\tinyxmlparser.obj
c:\users\izak\documents\visual studio 2013\projects\opengltutorial\opengltutorial\release\tinyxmlerror.obj
c:\users\izak\documents\visual studio 2013\projects\opengltutorial\opengltutorial\release\tinyxml2.obj
c:\users\izak\documents\visual studio 2013\projects\opengltutorial\opengltutorial\release\tinyxml.obj
c:\users\izak\documents\visual studio 2013\projects\opengltutorial\opengltutorial\release\tinystr.obj
c:\users\izak\documents\visual studio 2013\projects\opengltutorial\opengltutorial\release\componentmanager.obj
c:\users\izak\documents\visual studio 2013\projects\opengltutorial\opengltutorial\release\factory.obj
c:\users\izak\documents\visual studio 2013\projects\opengltutorial\release\opengltutorial.exe
c:\users\izak\documents\visual studio 2013\projects\opengltutorial\release\opengltutorial.pdb
c:\users\izak\documents\visual studio 2013\projects\opengltutorial\opengltutorial\release\opengltutorial.tlog\cl.command.1.tlog
c:\users\izak\documents\visual studio 2013\projects\opengltutorial\opengltutorial\release\opengltutorial.tlog\cl.read.1.tlog
c:\users\izak\documents\visual studio 2013\projects\opengltutorial\opengltutorial\release\opengltutorial.tlog\cl.write.1.tlog
c:\users\izak\documents\visual studio 2013\projects\opengltutorial\opengltutorial\release\opengltutorial.tlog\link.command.1.tlog
c:\users\izak\documents\visual studio 2013\projects\opengltutorial\opengltutorial\release\opengltutorial.tlog\link.read.1.tlog
c:\users\izak\documents\visual studio 2013\projects\opengltutorial\opengltutorial\release\opengltutorial.tlog\link.write.1.tlog
