Build started 10/31/2017 11:25:04 PM.
     1>Project "C:\Users\Izak\Documents\Visual Studio 2013\Projects\OpenGLTutorial\OpenGLTutorial\OpenGLTutorial.vcxproj" on node 2 (Build target(s)).
     1>ClCompile:
         C:\Program Files (x86)\Microsoft Visual Studio 12.0\VC\bin\CL.exe /c /I./assimp /I"C:\Program Files (x86)\Visual Leak Detector\include" /Zi /nologo /W3 /WX- /sdl /Od /Oi /Oy- /GL /D WIN32 /D NDEBUG /D _CONSOLE /D _LIB /D _UNICODE /D UNICODE /Gm- /EHsc /MT /GS /Gy /fp:precise /Zc:wchar_t /Zc:forScope /Fo"Release\\" /Fd"Release\vc120.pdb" /Gd /TP /analyze- /errorReport:prompt Picker.cpp
         Picker.cpp
     1>c:\users\izak\documents\visual studio 2013\projects\opengltutorial\opengltutorial\SystemComponentBase.h(30): warning C4067: unexpected tokens following preprocessor directive - expected a newline
     1>c:\users\izak\documents\visual studio 2013\projects\opengltutorial\opengltutorial\Model.h(13): warning C4099: 'aiNode' : type name first seen using 'struct' now seen using 'class'
                 c:\users\izak\documents\visual studio 2013\projects\opengltutorial\opengltutorial\assimp/scene.h(72) : see declaration of 'aiNode'
     1>c:\users\izak\documents\visual studio 2013\projects\opengltutorial\opengltutorial\Model.h(14): warning C4099: 'aiScene' : type name first seen using 'struct' now seen using 'class'
                 c:\users\izak\documents\visual studio 2013\projects\opengltutorial\opengltutorial\assimp/scene.h(278) : see declaration of 'aiScene'
     1>c:\users\izak\documents\visual studio 2013\projects\opengltutorial\opengltutorial\Model.h(15): warning C4099: 'aiMaterial' : type name first seen using 'struct' now seen using 'class'
                 c:\users\izak\documents\visual studio 2013\projects\opengltutorial\opengltutorial\assimp\material.h(669) : see declaration of 'aiMaterial'
     1>c:\users\izak\documents\visual studio 2013\projects\opengltutorial\opengltutorial\Model.h(16): warning C4099: 'aiMesh' : type name first seen using 'struct' now seen using 'class'
                 c:\users\izak\documents\visual studio 2013\projects\opengltutorial\opengltutorial\assimp\mesh.h(468) : see declaration of 'aiMesh'
     1>c:\users\izak\documents\visual studio 2013\projects\opengltutorial\opengltutorial\GraphicsEngine.h(15): warning C4099: 'GLFWwindow' : type name first seen using 'struct' now seen using 'class'
                 c:\users\izak\documents\visual studio 2013\projects\opengltutorial\opengltutorial\GLFW/glfw3.h(757) : see declaration of 'GLFWwindow'
     1>c:\users\izak\documents\visual studio 2013\projects\opengltutorial\opengltutorial\GraphicsEngine.h(16): warning C4099: 'FrameBufferbase' : type name first seen using 'struct' now seen using 'class'
                 c:\users\izak\documents\visual studio 2013\projects\opengltutorial\opengltutorial\FrameBuffers.h(9) : see declaration of 'FrameBufferbase'
     1>C:\Program Files (x86)\Windows Kits\8.1\Include\shared\minwindef.h(130): warning C4005: 'APIENTRY' : macro redefinition
                 c:\users\izak\documents\visual studio 2013\projects\opengltutorial\opengltutorial\GLFW/glfw3.h(96) : see previous definition of 'APIENTRY'
       Link:
         C:\Program Files (x86)\Microsoft Visual Studio 12.0\VC\bin\link.exe /ERRORREPORT:PROMPT /OUT:"C:\Users\Izak\Documents\Visual Studio 2013\Projects\OpenGLTutorial\Release\OpenGLTutorial.exe" /INCREMENTAL:NO /NOLOGO /LIBPATH:./lib /LIBPATH:"C:\Program Files (x86)\Visual Leak Detector\lib\Win32" assimp.lib assimpd.lib kernel32.lib user32.lib gdi32.lib winspool.lib comdlg32.lib advapi32.lib shell32.lib ole32.lib oleaut32.lib uuid.lib odbc32.lib odbccp32.lib /MANIFEST /MANIFESTUAC:"level='asInvoker' uiAccess='false'" /manifest:embed /DEBUG /PDB:"C:\Users\Izak\Documents\Visual Studio 2013\Projects\OpenGLTutorial\Release\OpenGLTutorial.pdb" /SUBSYSTEM:CONSOLE /OPT:REF /OPT:ICF /LTCG /TLBID:1 /DYNAMICBASE /NXCOMPAT /IMPLIB:"C:\Users\Izak\Documents\Visual Studio 2013\Projects\OpenGLTutorial\Release\OpenGLTutorial.lib" /MACHINE:X86 /SAFESEH Release\BBEMath.obj
         Release\Camera.obj
         Release\Component.obj
         Release\ComponentGM.obj
         Release\ComponentManager.obj
         Release\Factory.obj
         Release\FrameBuffers.obj
         Release\GameObject.obj
         Release\Gizmo.obj
         Release\GraphicsEngine.obj
         Release\Input.obj
         Release\IZEngine.obj
         Release\main.obj
         Release\Mesh.obj
         Release\MetaData.obj
         Release\Model.obj
         Release\Picker.obj
         Release\PointLightComponent.obj
         Release\refvar.obj
         Release\ResourceManager.obj
         Release\Shader.obj
         Release\TextSerialize.obj
         Release\Texture.obj
         Release\tinystr.obj
         Release\tinyxml.obj
         Release\tinyxml2.obj
         Release\tinyxmlerror.obj
         Release\tinyxmlparser.obj
         Release\Transform.obj
         Release\var.obj
         Release\varbase.obj
         Release\XMLSerializer.obj
         Generating code
     1>c:\users\izak\documents\visual studio 2013\projects\opengltutorial\opengltutorial\graphicsengine.cpp(192): warning C4715: 'IZE::GraphicsEngine::IZECreateWindow' : not all control paths return a value
         Finished generating code
     1>FrameBuffers.obj : warning LNK4049: locally defined symbol ___glewCheckFramebufferStatus imported
     1>FrameBuffers.obj : warning LNK4049: locally defined symbol ___glewRenderbufferStorage imported
     1>FrameBuffers.obj : warning LNK4049: locally defined symbol ___glewGenBuffers imported
     1>FrameBuffers.obj : warning LNK4049: locally defined symbol ___glewBindFramebuffer imported
     1>FrameBuffers.obj : warning LNK4049: locally defined symbol ___glewDeleteBuffers imported
     1>FrameBuffers.obj : warning LNK4049: locally defined symbol ___glewGenFramebuffers imported
     1>FrameBuffers.obj : warning LNK4049: locally defined symbol ___glewGenRenderbuffers imported
     1>FrameBuffers.obj : warning LNK4049: locally defined symbol ___glewDrawBuffers imported
     1>FrameBuffers.obj : warning LNK4049: locally defined symbol ___glewDeleteFramebuffers imported
     1>FrameBuffers.obj : warning LNK4049: locally defined symbol ___glewFramebufferTexture imported
     1>FrameBuffers.obj : warning LNK4049: locally defined symbol ___glewFramebufferRenderbuffer imported
     1>FrameBuffers.obj : warning LNK4049: locally defined symbol ___glewBindRenderbuffer imported
     1>FrameBuffers.obj : warning LNK4049: locally defined symbol ___glewFramebufferTexture2D imported
     1>FrameBuffers.obj : warning LNK4049: locally defined symbol ___glewBindBuffer imported
     1>GraphicsEngine.obj : warning LNK4049: locally defined symbol ___glewEnableVertexAttribArray imported
     1>GraphicsEngine.obj : warning LNK4049: locally defined symbol ___glewUniformBlockBinding imported
     1>GraphicsEngine.obj : warning LNK4049: locally defined symbol ___glewGetUniformBlockIndex imported
     1>GraphicsEngine.obj : warning LNK4049: locally defined symbol _glewExperimental imported
     1>GraphicsEngine.obj : warning LNK4049: locally defined symbol ___glewBindBufferBase imported
     1>GraphicsEngine.obj : warning LNK4049: locally defined symbol ___glewBindVertexArray imported
     1>GraphicsEngine.obj : warning LNK4049: locally defined symbol ___glewBufferData imported
     1>GraphicsEngine.obj : warning LNK4049: locally defined symbol ___glewGenVertexArrays imported
     1>GraphicsEngine.obj : warning LNK4049: locally defined symbol _glewInit@0 imported
     1>GraphicsEngine.obj : warning LNK4049: locally defined symbol ___glewVertexAttribPointer imported
     1>GraphicsEngine.obj : warning LNK4049: locally defined symbol ___glewBufferSubData imported
     1>GraphicsEngine.obj : warning LNK4049: locally defined symbol ___glewActiveTexture imported
     1>GraphicsEngine.obj : warning LNK4049: locally defined symbol ___glewDeleteVertexArrays imported
     1>Mesh.obj : warning LNK4049: locally defined symbol ___glewGetUniformLocation imported
     1>Mesh.obj : warning LNK4049: locally defined symbol ___glewUniform1i imported
     1>Shader.obj : warning LNK4049: locally defined symbol ___glewAttachShader imported
     1>Shader.obj : warning LNK4049: locally defined symbol ___glewCreateProgram imported
     1>Shader.obj : warning LNK4049: locally defined symbol ___glewGetProgramInfoLog imported
     1>Shader.obj : warning LNK4049: locally defined symbol ___glewGetShaderiv imported
     1>Shader.obj : warning LNK4049: locally defined symbol ___glewUniform3fv imported
     1>Shader.obj : warning LNK4049: locally defined symbol ___glewGetProgramiv imported
     1>Shader.obj : warning LNK4049: locally defined symbol ___glewUniform1f imported
     1>Shader.obj : warning LNK4049: locally defined symbol ___glewUniformMatrix4fv imported
     1>Shader.obj : warning LNK4049: locally defined symbol ___glewUniform4fv imported
     1>Shader.obj : warning LNK4049: locally defined symbol ___glewShaderSource imported
     1>Shader.obj : warning LNK4049: locally defined symbol ___glewCompileShader imported
     1>Shader.obj : warning LNK4049: locally defined symbol ___glewLinkProgram imported
     1>Shader.obj : warning LNK4049: locally defined symbol ___glewGetShaderInfoLog imported
     1>Shader.obj : warning LNK4049: locally defined symbol ___glewCreateShader imported
     1>Shader.obj : warning LNK4049: locally defined symbol ___glewDeleteShader imported
     1>Texture.obj : warning LNK4049: locally defined symbol ___glewGenerateMipmap imported
     1>glew32s.lib(glew.obj) : warning LNK4099: PDB 'vc120.pdb' was not found with 'glew32s.lib(glew.obj)' or at 'C:\Users\Izak\Documents\Visual Studio 2013\Projects\OpenGLTutorial\Release\vc120.pdb'; linking object as if no debug info
         OpenGLTutorial.vcxproj -> C:\Users\Izak\Documents\Visual Studio 2013\Projects\OpenGLTutorial\Release\OpenGLTutorial.exe
     1>Done Building Project "C:\Users\Izak\Documents\Visual Studio 2013\Projects\OpenGLTutorial\OpenGLTutorial\OpenGLTutorial.vcxproj" (Build target(s)).

Build succeeded.

Time Elapsed 00:00:04.41
