Build started 7/23/2017 6:14:57 PM.
     1>Project "C:\Users\Izak\Documents\Visual Studio 2013\Projects\OpenGLTutorial\OpenGLTutorial\OpenGLTutorial.vcxproj" on node 2 (Build target(s)).
     1>ClCompile:
         C:\Program Files (x86)\Microsoft Visual Studio 12.0\VC\bin\CL.exe /c /I"C:\Program Files (x86)\Visual Leak Detector\include" /ZI /nologo /W3 /WX- /sdl /Od /Oy- /D WIN32 /D _DEBUG /D _CONSOLE /D _LIB /D _UNICODE /D UNICODE /Gm /EHsc /RTC1 /MDd /GS /fp:precise /Zc:wchar_t /Zc:forScope /Fo"Debug\\" /Fd"Debug\vc120.pdb" /Gd /TP /analyze- /errorReport:prompt /NODEFAULTLIB:LIBCMT main.cpp
     1>cl : Command line warning D9002: ignoring unknown option '/NODEFAULTLIB:LIBCMT'
         main.cpp
     1>c:\users\izak\documents\visual studio 2013\projects\opengltutorial\opengltutorial\systemcomponentbase.h(30): warning C4067: unexpected tokens following preprocessor directive - expected a newline
     1>c:\users\izak\documents\visual studio 2013\projects\opengltutorial\opengltutorial\graphicsengine.h(14): warning C4099: 'GLFWwindow' : type name first seen using 'struct' now seen using 'class'
                 c:\users\izak\documents\visual studio 2013\projects\opengltutorial\opengltutorial\glfw\glfw3.h(757) : see declaration of 'GLFWwindow'
     1>c:\users\izak\documents\visual studio 2013\projects\opengltutorial\opengltutorial\graphicsengine.h(15): warning C4099: 'FrameBufferbase' : type name first seen using 'struct' now seen using 'class'
                 c:\users\izak\documents\visual studio 2013\projects\opengltutorial\opengltutorial\framebuffers.h(9) : see declaration of 'FrameBufferbase'
       Link:
         C:\Program Files (x86)\Microsoft Visual Studio 12.0\VC\bin\link.exe /ERRORREPORT:PROMPT /OUT:"C:\Users\Izak\Documents\Visual Studio 2013\Projects\OpenGLTutorial\Debug\OpenGLTutorial.exe" /INCREMENTAL /NOLOGO /LIBPATH:./lib /LIBPATH:"C:\Program Files (x86)\Visual Leak Detector\lib\Win32" opengl32.lib glfw3d.lib assimpd.lib kernel32.lib user32.lib gdi32.lib winspool.lib comdlg32.lib advapi32.lib shell32.lib ole32.lib oleaut32.lib uuid.lib odbc32.lib odbccp32.lib /MANIFEST /MANIFESTUAC:"level='asInvoker' uiAccess='false'" /manifest:embed /DEBUG /PDB:"C:\Users\Izak\Documents\Visual Studio 2013\Projects\OpenGLTutorial\Debug\OpenGLTutorial.pdb" /SUBSYSTEM:CONSOLE /TLBID:1 /DYNAMICBASE /NXCOMPAT /IMPLIB:"C:\Users\Izak\Documents\Visual Studio 2013\Projects\OpenGLTutorial\Debug\OpenGLTutorial.lib" /MACHINE:X86 Debug\BBEMath.obj
         Debug\Camera.obj
         Debug\Component.obj
         Debug\ComponentGM.obj
         Debug\ComponentManager.obj
         Debug\Factory.obj
         Debug\FrameBuffers.obj
         Debug\GameObject.obj
         Debug\GraphicsEngine.obj
         Debug\Input.obj
         Debug\IZEngine.obj
         Debug\main.obj
         Debug\Mesh.obj
         Debug\MetaData.obj
         Debug\Model.obj
         Debug\refvar.obj
         Debug\ResourceManager.obj
         Debug\Shader.obj
         Debug\TextSerialize.obj
         Debug\Texture.obj
         Debug\tinystr.obj
         Debug\tinyxml.obj
         Debug\tinyxml2.obj
         Debug\tinyxmlerror.obj
         Debug\tinyxmlparser.obj
         Debug\Transform.obj
         Debug\var.obj
         Debug\varbase.obj
         Debug\XMLSerializer.obj
         OpenGLTutorial.vcxproj -> C:\Users\Izak\Documents\Visual Studio 2013\Projects\OpenGLTutorial\Debug\OpenGLTutorial.exe
     1>Done Building Project "C:\Users\Izak\Documents\Visual Studio 2013\Projects\OpenGLTutorial\OpenGLTutorial\OpenGLTutorial.vcxproj" (Build target(s)).

Build succeeded.

Time Elapsed 00:00:01.25
